{"/home/temka/user_files/proga/wds_code/chapter_6/47-minesweeper/logic.js": {"path":"/home/temka/user_files/proga/wds_code/chapter_6/47-minesweeper/logic.js","statementMap":{"0":{"start":{"line":5,"column":27},"end":{"line":10,"column":1}},"1":{"start":{"line":12,"column":25},"end":{"line":12,"column":28}},"2":{"start":{"line":15,"column":13},"end":{"line":15,"column":15}},"3":{"start":{"line":17,"column":1},"end":{"line":17,"column":31}},"4":{"start":{"line":18,"column":1},"end":{"line":18,"column":49}},"5":{"start":{"line":20,"column":1},"end":{"line":20,"column":13}},"6":{"start":{"line":25,"column":1},"end":{"line":31,"column":2}},"7":{"start":{"line":30,"column":2},"end":{"line":30,"column":14}},"8":{"start":{"line":32,"column":16},"end":{"line":32,"column":59}},"9":{"start":{"line":35,"column":23},"end":{"line":40,"column":2}},"10":{"start":{"line":41,"column":1},"end":{"line":49,"column":3}},"11":{"start":{"line":42,"column":15},"end":{"line":42,"column":43}},"12":{"start":{"line":43,"column":15},"end":{"line":43,"column":43}},"13":{"start":{"line":44,"column":23},"end":{"line":44,"column":43}},"14":{"start":{"line":46,"column":2},"end":{"line":48,"column":3}},"15":{"start":{"line":47,"column":3},"end":{"line":47,"column":57}},"16":{"start":{"line":51,"column":1},"end":{"line":51,"column":16}},"17":{"start":{"line":55,"column":16},"end":{"line":55,"column":21}},"18":{"start":{"line":57,"column":17},"end":{"line":61,"column":2}},"19":{"start":{"line":63,"column":1},"end":{"line":63,"column":48}},"20":{"start":{"line":69,"column":23},"end":{"line":81,"column":2}},"21":{"start":{"line":83,"column":1},"end":{"line":89,"column":6}},"22":{"start":{"line":84,"column":17},"end":{"line":84,"column":73}},"23":{"start":{"line":85,"column":2},"end":{"line":87,"column":3}},"24":{"start":{"line":86,"column":3},"end":{"line":86,"column":19}},"25":{"start":{"line":88,"column":2},"end":{"line":88,"column":14}},"26":{"start":{"line":94,"column":1},"end":{"line":99,"column":2}},"27":{"start":{"line":103,"column":16},"end":{"line":103,"column":21}},"28":{"start":{"line":104,"column":19},"end":{"line":104,"column":31}},"29":{"start":{"line":105,"column":1},"end":{"line":117,"column":3}},"30":{"start":{"line":106,"column":2},"end":{"line":116,"column":4}},"31":{"start":{"line":107,"column":3},"end":{"line":115,"column":4}},"32":{"start":{"line":108,"column":4},"end":{"line":112,"column":5}},"33":{"start":{"line":114,"column":4},"end":{"line":114,"column":61}},"34":{"start":{"line":119,"column":1},"end":{"line":119,"column":16}},"35":{"start":{"line":123,"column":1},"end":{"line":123,"column":44}},"36":{"start":{"line":123,"column":32},"end":{"line":123,"column":44}},"37":{"start":{"line":125,"column":16},"end":{"line":125,"column":21}},"38":{"start":{"line":127,"column":17},"end":{"line":130,"column":2}},"39":{"start":{"line":132,"column":1},"end":{"line":132,"column":48}},"40":{"start":{"line":135,"column":1},"end":{"line":135,"column":45}},"41":{"start":{"line":135,"column":33},"end":{"line":135,"column":45}},"42":{"start":{"line":137,"column":16},"end":{"line":137,"column":21}},"43":{"start":{"line":139,"column":17},"end":{"line":142,"column":2}},"44":{"start":{"line":144,"column":1},"end":{"line":144,"column":48}},"45":{"start":{"line":148,"column":1},"end":{"line":148,"column":67}},"46":{"start":{"line":151,"column":1},"end":{"line":151,"column":67}},"47":{"start":{"line":154,"column":1},"end":{"line":154,"column":70}},"48":{"start":{"line":158,"column":1},"end":{"line":161,"column":6}},"49":{"start":{"line":159,"column":2},"end":{"line":159,"column":58}},"50":{"start":{"line":159,"column":42},"end":{"line":159,"column":58}},"51":{"start":{"line":160,"column":2},"end":{"line":160,"column":14}},"52":{"start":{"line":165,"column":18},"end":{"line":165,"column":20}},"53":{"start":{"line":168,"column":1},"end":{"line":177,"column":14}},"54":{"start":{"line":169,"column":2},"end":{"line":176,"column":15}},"55":{"start":{"line":170,"column":3},"end":{"line":175,"column":4}},"56":{"start":{"line":181,"column":22},"end":{"line":181,"column":24}},"57":{"start":{"line":182,"column":16},"end":{"line":182,"column":21}},"58":{"start":{"line":185,"column":1},"end":{"line":197,"column":2}},"59":{"start":{"line":187,"column":12},"end":{"line":187,"column":39}},"60":{"start":{"line":188,"column":12},"end":{"line":188,"column":39}},"61":{"start":{"line":190,"column":19},"end":{"line":190,"column":27}},"62":{"start":{"line":191,"column":27},"end":{"line":193,"column":3}},"63":{"start":{"line":192,"column":3},"end":{"line":192,"column":29}},"64":{"start":{"line":194,"column":2},"end":{"line":196,"column":3}},"65":{"start":{"line":195,"column":3},"end":{"line":195,"column":56}},"66":{"start":{"line":199,"column":1},"end":{"line":201,"column":3}},"67":{"start":{"line":200,"column":2},"end":{"line":200,"column":35}},"68":{"start":{"line":203,"column":1},"end":{"line":203,"column":16}},"69":{"start":{"line":207,"column":17},"end":{"line":210,"column":2}},"70":{"start":{"line":211,"column":1},"end":{"line":211,"column":45}},"71":{"start":{"line":215,"column":1},"end":{"line":222,"column":3}},"72":{"start":{"line":216,"column":2},"end":{"line":221,"column":4}},"73":{"start":{"line":217,"column":3},"end":{"line":219,"column":4}},"74":{"start":{"line":218,"column":4},"end":{"line":218,"column":18}},"75":{"start":{"line":220,"column":3},"end":{"line":220,"column":14}},"76":{"start":{"line":226,"column":1},"end":{"line":226,"column":27}},"77":{"start":{"line":232,"column":1},"end":{"line":232,"column":47}},"78":{"start":{"line":236,"column":1},"end":{"line":236,"column":32}}},"fnMap":{"0":{"name":"createBoard","decl":{"start":{"line":14,"column":16},"end":{"line":14,"column":27}},"loc":{"start":{"line":14,"column":50},"end":{"line":21,"column":1}},"line":14},"1":{"name":"openTile","decl":{"start":{"line":24,"column":16},"end":{"line":24,"column":24}},"loc":{"start":{"line":24,"column":53},"end":{"line":52,"column":1}},"line":24},"2":{"name":"(anonymous_2)","decl":{"start":{"line":41,"column":23},"end":{"line":41,"column":24}},"loc":{"start":{"line":41,"column":41},"end":{"line":49,"column":2}},"line":41},"3":{"name":"openCertainTile","decl":{"start":{"line":54,"column":16},"end":{"line":54,"column":31}},"loc":{"start":{"line":54,"column":60},"end":{"line":64,"column":1}},"line":54},"4":{"name":"countMinesAround","decl":{"start":{"line":66,"column":16},"end":{"line":66,"column":32}},"loc":{"start":{"line":66,"column":61},"end":{"line":90,"column":1}},"line":66},"5":{"name":"(anonymous_5)","decl":{"start":{"line":83,"column":29},"end":{"line":83,"column":30}},"loc":{"start":{"line":83,"column":48},"end":{"line":89,"column":2}},"line":83},"6":{"name":"positionPossible","decl":{"start":{"line":93,"column":9},"end":{"line":93,"column":25}},"loc":{"start":{"line":93,"column":47},"end":{"line":100,"column":1}},"line":93},"7":{"name":"openAllTiles","decl":{"start":{"line":102,"column":16},"end":{"line":102,"column":28}},"loc":{"start":{"line":102,"column":36},"end":{"line":120,"column":1}},"line":102},"8":{"name":"(anonymous_8)","decl":{"start":{"line":105,"column":18},"end":{"line":105,"column":19}},"loc":{"start":{"line":105,"column":30},"end":{"line":117,"column":2}},"line":105},"9":{"name":"(anonymous_9)","decl":{"start":{"line":106,"column":14},"end":{"line":106,"column":15}},"loc":{"start":{"line":106,"column":27},"end":{"line":116,"column":3}},"line":106},"10":{"name":"markTile","decl":{"start":{"line":122,"column":16},"end":{"line":122,"column":24}},"loc":{"start":{"line":122,"column":42},"end":{"line":133,"column":1}},"line":122},"11":{"name":"unmarkTile","decl":{"start":{"line":134,"column":16},"end":{"line":134,"column":26}},"loc":{"start":{"line":134,"column":44},"end":{"line":145,"column":1}},"line":134},"12":{"name":"isMarked","decl":{"start":{"line":147,"column":16},"end":{"line":147,"column":24}},"loc":{"start":{"line":147,"column":42},"end":{"line":149,"column":1}},"line":147},"13":{"name":"isOpened","decl":{"start":{"line":150,"column":16},"end":{"line":150,"column":24}},"loc":{"start":{"line":150,"column":42},"end":{"line":152,"column":1}},"line":150},"14":{"name":"isMine","decl":{"start":{"line":153,"column":16},"end":{"line":153,"column":22}},"loc":{"start":{"line":153,"column":40},"end":{"line":155,"column":1}},"line":153},"15":{"name":"countOpenedTiles","decl":{"start":{"line":157,"column":16},"end":{"line":157,"column":32}},"loc":{"start":{"line":157,"column":40},"end":{"line":162,"column":1}},"line":157},"16":{"name":"(anonymous_16)","decl":{"start":{"line":158,"column":29},"end":{"line":158,"column":30}},"loc":{"start":{"line":158,"column":46},"end":{"line":161,"column":2}},"line":158},"17":{"name":"createTiles","decl":{"start":{"line":164,"column":16},"end":{"line":164,"column":27}},"loc":{"start":{"line":164,"column":39},"end":{"line":178,"column":1}},"line":164},"18":{"name":"(anonymous_18)","decl":{"start":{"line":168,"column":14},"end":{"line":168,"column":15}},"loc":{"start":{"line":168,"column":21},"end":{"line":177,"column":2}},"line":168},"19":{"name":"(anonymous_19)","decl":{"start":{"line":169,"column":15},"end":{"line":169,"column":16}},"loc":{"start":{"line":169,"column":22},"end":{"line":176,"column":3}},"line":169},"20":{"name":"createMines","decl":{"start":{"line":180,"column":9},"end":{"line":180,"column":20}},"loc":{"start":{"line":180,"column":50},"end":{"line":204,"column":1}},"line":180},"21":{"name":"(anonymous_21)","decl":{"start":{"line":191,"column":48},"end":{"line":191,"column":49}},"loc":{"start":{"line":192,"column":3},"end":{"line":192,"column":29}},"line":192},"22":{"name":"(anonymous_22)","decl":{"start":{"line":199,"column":24},"end":{"line":199,"column":25}},"loc":{"start":{"line":199,"column":33},"end":{"line":201,"column":2}},"line":199},"23":{"name":"setMine","decl":{"start":{"line":206,"column":16},"end":{"line":206,"column":23}},"loc":{"start":{"line":206,"column":41},"end":{"line":212,"column":1}},"line":206},"24":{"name":"replaceTile","decl":{"start":{"line":214,"column":9},"end":{"line":214,"column":20}},"loc":{"start":{"line":214,"column":47},"end":{"line":223,"column":1}},"line":214},"25":{"name":"(anonymous_25)","decl":{"start":{"line":215,"column":18},"end":{"line":215,"column":19}},"loc":{"start":{"line":215,"column":30},"end":{"line":222,"column":2}},"line":215},"26":{"name":"(anonymous_26)","decl":{"start":{"line":216,"column":17},"end":{"line":216,"column":18}},"loc":{"start":{"line":216,"column":30},"end":{"line":221,"column":3}},"line":216},"27":{"name":"addElement","decl":{"start":{"line":225,"column":9},"end":{"line":225,"column":19}},"loc":{"start":{"line":225,"column":36},"end":{"line":227,"column":1}},"line":225},"28":{"name":"randomNumber","decl":{"start":{"line":230,"column":9},"end":{"line":230,"column":21}},"loc":{"start":{"line":230,"column":27},"end":{"line":233,"column":1}},"line":230},"29":{"name":"positionSame","decl":{"start":{"line":235,"column":9},"end":{"line":235,"column":21}},"loc":{"start":{"line":235,"column":28},"end":{"line":237,"column":1}},"line":235}},"branchMap":{"0":{"loc":{"start":{"line":25,"column":1},"end":{"line":31,"column":2}},"type":"if","locations":[{"start":{"line":25,"column":1},"end":{"line":31,"column":2}},{"start":{},"end":{}}],"line":25},"1":{"loc":{"start":{"line":26,"column":2},"end":{"line":28,"column":25}},"type":"binary-expr","locations":[{"start":{"line":26,"column":2},"end":{"line":26,"column":27}},{"start":{"line":27,"column":2},"end":{"line":27,"column":27}},{"start":{"line":28,"column":2},"end":{"line":28,"column":25}}],"line":26},"2":{"loc":{"start":{"line":46,"column":2},"end":{"line":48,"column":3}},"type":"if","locations":[{"start":{"line":46,"column":2},"end":{"line":48,"column":3}},{"start":{},"end":{}}],"line":46},"3":{"loc":{"start":{"line":85,"column":2},"end":{"line":87,"column":3}},"type":"if","locations":[{"start":{"line":85,"column":2},"end":{"line":87,"column":3}},{"start":{},"end":{}}],"line":85},"4":{"loc":{"start":{"line":85,"column":6},"end":{"line":85,"column":66}},"type":"binary-expr","locations":[{"start":{"line":85,"column":6},"end":{"line":85,"column":41}},{"start":{"line":85,"column":45},"end":{"line":85,"column":66}}],"line":85},"5":{"loc":{"start":{"line":95,"column":2},"end":{"line":98,"column":24}},"type":"binary-expr","locations":[{"start":{"line":95,"column":2},"end":{"line":95,"column":17}},{"start":{"line":96,"column":2},"end":{"line":96,"column":24}},{"start":{"line":97,"column":2},"end":{"line":97,"column":17}},{"start":{"line":98,"column":2},"end":{"line":98,"column":24}}],"line":95},"6":{"loc":{"start":{"line":107,"column":3},"end":{"line":115,"column":4}},"type":"if","locations":[{"start":{"line":107,"column":3},"end":{"line":115,"column":4}},{"start":{"line":113,"column":10},"end":{"line":115,"column":4}}],"line":107},"7":{"loc":{"start":{"line":123,"column":1},"end":{"line":123,"column":44}},"type":"if","locations":[{"start":{"line":123,"column":1},"end":{"line":123,"column":44}},{"start":{},"end":{}}],"line":123},"8":{"loc":{"start":{"line":135,"column":1},"end":{"line":135,"column":45}},"type":"if","locations":[{"start":{"line":135,"column":1},"end":{"line":135,"column":45}},{"start":{},"end":{}}],"line":135},"9":{"loc":{"start":{"line":159,"column":2},"end":{"line":159,"column":58}},"type":"if","locations":[{"start":{"line":159,"column":2},"end":{"line":159,"column":58}},{"start":{},"end":{}}],"line":159},"10":{"loc":{"start":{"line":194,"column":2},"end":{"line":196,"column":3}},"type":"if","locations":[{"start":{"line":194,"column":2},"end":{"line":196,"column":3}},{"start":{},"end":{}}],"line":194},"11":{"loc":{"start":{"line":217,"column":3},"end":{"line":219,"column":4}},"type":"if","locations":[{"start":{"line":217,"column":3},"end":{"line":219,"column":4}},{"start":{},"end":{}}],"line":217},"12":{"loc":{"start":{"line":236,"column":8},"end":{"line":236,"column":32}},"type":"binary-expr","locations":[{"start":{"line":236,"column":8},"end":{"line":236,"column":18}},{"start":{"line":236,"column":22},"end":{"line":236,"column":32}}],"line":236}},"s":{"0":1,"1":1,"2":0,"3":0,"4":0,"5":0,"6":7,"7":4,"8":3,"9":3,"10":3,"11":12,"12":12,"13":12,"14":12,"15":6,"16":3,"17":6,"18":6,"19":6,"20":6,"21":6,"22":54,"23":54,"24":6,"25":48,"26":66,"27":1,"28":1,"29":1,"30":2,"31":4,"32":1,"33":3,"34":1,"35":2,"36":0,"37":2,"38":2,"39":2,"40":2,"41":1,"42":1,"43":1,"44":1,"45":11,"46":11,"47":31,"48":3,"49":12,"50":5,"51":7,"52":1,"53":1,"54":2,"55":4,"56":0,"57":0,"58":0,"59":0,"60":0,"61":0,"62":0,"63":0,"64":0,"65":0,"66":0,"67":0,"68":0,"69":1,"70":1,"71":11,"72":22,"73":44,"74":11,"75":33,"76":0,"77":0,"78":44},"f":{"0":0,"1":7,"2":12,"3":6,"4":6,"5":54,"6":66,"7":1,"8":2,"9":4,"10":2,"11":2,"12":11,"13":11,"14":31,"15":3,"16":12,"17":1,"18":2,"19":4,"20":0,"21":0,"22":0,"23":1,"24":11,"25":22,"26":44,"27":0,"28":0,"29":44},"b":{"0":[4,3],"1":[7,5,5],"2":[6,6],"3":[6,48],"4":[54,24],"5":[66,59,45,40],"6":[1,3],"7":[0,2],"8":[1,1],"9":[5,7],"10":[0,0],"11":[11,33],"12":[44,22]},"_coverageSchema":"1a1c01bbd47fc00a2c39e90264f33305004495a9","hash":"20dc976f07434bf0e984b2e44e822a466ae33bef"}
}
