TN:
SF:logic.js
FN:14,createBoard
FN:24,openTile
FN:41,(anonymous_2)
FN:54,openCertainTile
FN:66,countMinesAround
FN:83,(anonymous_5)
FN:93,positionPossible
FN:102,openAllTiles
FN:105,(anonymous_8)
FN:106,(anonymous_9)
FN:122,markTile
FN:134,unmarkTile
FN:147,isMarked
FN:150,isOpened
FN:153,isMine
FN:157,countOpenedTiles
FN:158,(anonymous_16)
FN:164,createTiles
FN:168,(anonymous_18)
FN:169,(anonymous_19)
FN:180,createMines
FN:191,(anonymous_21)
FN:199,(anonymous_22)
FN:206,setMine
FN:214,replaceTile
FN:215,(anonymous_25)
FN:216,(anonymous_26)
FN:225,addElement
FN:230,randomNumber
FN:235,positionSame
FNF:30
FNH:24
FNDA:0,createBoard
FNDA:7,openTile
FNDA:12,(anonymous_2)
FNDA:6,openCertainTile
FNDA:6,countMinesAround
FNDA:54,(anonymous_5)
FNDA:66,positionPossible
FNDA:1,openAllTiles
FNDA:2,(anonymous_8)
FNDA:4,(anonymous_9)
FNDA:2,markTile
FNDA:2,unmarkTile
FNDA:11,isMarked
FNDA:11,isOpened
FNDA:31,isMine
FNDA:3,countOpenedTiles
FNDA:12,(anonymous_16)
FNDA:1,createTiles
FNDA:2,(anonymous_18)
FNDA:4,(anonymous_19)
FNDA:0,createMines
FNDA:0,(anonymous_21)
FNDA:0,(anonymous_22)
FNDA:1,setMine
FNDA:11,replaceTile
FNDA:22,(anonymous_25)
FNDA:44,(anonymous_26)
FNDA:0,addElement
FNDA:0,randomNumber
FNDA:44,positionSame
DA:5,1
DA:12,1
DA:15,0
DA:17,0
DA:18,0
DA:20,0
DA:25,7
DA:30,4
DA:32,3
DA:35,3
DA:41,3
DA:42,12
DA:43,12
DA:44,12
DA:46,12
DA:47,6
DA:51,3
DA:55,6
DA:57,6
DA:63,6
DA:69,6
DA:83,6
DA:84,54
DA:85,54
DA:86,6
DA:88,48
DA:94,66
DA:103,1
DA:104,1
DA:105,1
DA:106,2
DA:107,4
DA:108,1
DA:114,3
DA:119,1
DA:123,2
DA:125,2
DA:127,2
DA:132,2
DA:135,2
DA:137,1
DA:139,1
DA:144,1
DA:148,11
DA:151,11
DA:154,31
DA:158,3
DA:159,12
DA:160,7
DA:165,1
DA:168,1
DA:169,2
DA:170,4
DA:181,0
DA:182,0
DA:185,0
DA:187,0
DA:188,0
DA:190,0
DA:191,0
DA:192,0
DA:194,0
DA:195,0
DA:199,0
DA:200,0
DA:203,0
DA:207,1
DA:211,1
DA:215,11
DA:216,22
DA:217,44
DA:218,11
DA:220,33
DA:226,0
DA:232,0
DA:236,44
LF:76
LH:57
BRDA:25,0,0,4
BRDA:25,0,1,3
BRDA:26,1,0,7
BRDA:26,1,1,5
BRDA:26,1,2,5
BRDA:46,2,0,6
BRDA:46,2,1,6
BRDA:85,3,0,6
BRDA:85,3,1,48
BRDA:85,4,0,54
BRDA:85,4,1,24
BRDA:95,5,0,66
BRDA:95,5,1,59
BRDA:95,5,2,45
BRDA:95,5,3,40
BRDA:107,6,0,1
BRDA:107,6,1,3
BRDA:123,7,0,0
BRDA:123,7,1,2
BRDA:135,8,0,1
BRDA:135,8,1,1
BRDA:159,9,0,5
BRDA:159,9,1,7
BRDA:194,10,0,0
BRDA:194,10,1,0
BRDA:217,11,0,11
BRDA:217,11,1,33
BRDA:236,12,0,44
BRDA:236,12,1,22
BRF:29
BRH:26
end_of_record
